<?xml version="1.0" encoding="UTF-8"?>
<!-- Generated by org.testng.reporters.JUnitXMLReporter -->
<testsuite hostname="LAPTOP-MKHIF20I" ignored="0" name="Default test" tests="8" failures="0" timestamp="28 Feb 2017 18:16:50 GMT" time="7.421" errors="0">
  <testcase name="authTestCase" time="3.1" classname="com.debarnab.restAssured.Testing.wunderList_restAPITesting"/>
  <testcase name="getAllList" time="0.623" classname="com.debarnab.restAssured.Testing.wunderList_restAPITesting"/>
  <testcase name="createList" time="1.038" classname="com.debarnab.restAssured.Testing.wunderList_restAPITesting"/>
  <testcase name="verifyAddedList" time="0.455" classname="com.debarnab.restAssured.Testing.wunderList_restAPITesting"/>
  <testcase name="queryASpecificList" time="0.383" classname="com.debarnab.restAssured.Testing.wunderList_restAPITesting"/>
  <testcase name="deleteAList" time="0.403" classname="com.debarnab.restAssured.Testing.wunderList_restAPITesting"/>
  <testcase name="updateAList" time="0.001" classname="com.debarnab.restAssured.Testing.wunderList_restAPITesting"/>
  <testcase name="validateDeletedList" time="0.44" classname="com.debarnab.restAssured.Testing.wunderList_restAPITesting"/>
</testsuite> <!-- Default test -->
