<?xml version="1.0" encoding="UTF-8"?>
<!-- Generated by org.testng.reporters.JUnitXMLReporter -->
<testsuite hostname="LAPTOP-MKHIF20I" ignored="0" name="Rest Assured testing Test" tests="8" failures="0" timestamp="25 Feb 2017 16:21:37 GMT" time="8.166" errors="0">
  <testcase name="authTestCase" time="4.554" classname="com.debarnab.restAssured.Testing.wunderList_restAPITesting"/>
  <testcase name="getAllList" time="0.604" classname="com.debarnab.restAssured.Testing.wunderList_restAPITesting"/>
  <testcase name="createList" time="1.185" classname="com.debarnab.restAssured.Testing.wunderList_restAPITesting"/>
  <testcase name="verifyAddedList" time="0.501" classname="com.debarnab.restAssured.Testing.wunderList_restAPITesting"/>
  <testcase name="queryASpecificList" time="0.372" classname="com.debarnab.restAssured.Testing.wunderList_restAPITesting"/>
  <testcase name="deleteAList" time="0.438" classname="com.debarnab.restAssured.Testing.wunderList_restAPITesting"/>
  <testcase name="updateAList" time="0.0" classname="com.debarnab.restAssured.Testing.wunderList_restAPITesting"/>
  <testcase name="validateDeletedList" time="0.443" classname="com.debarnab.restAssured.Testing.wunderList_restAPITesting"/>
</testsuite> <!-- Rest Assured testing Test -->
