<?xml version="1.0" encoding="UTF-8"?>
<!-- Generated by org.testng.reporters.JUnitXMLReporter -->
<testsuite hostname="LAPTOP-MKHIF20I" ignored="0" name="Rest Assured testing Test" tests="8" failures="0" timestamp="25 Feb 2017 20:17:06 GMT" time="17.354" errors="0">
  <testcase name="authTestCase" time="13.196" classname="com.debarnab.restAssured.Testing.wunderList_restAPITesting"/>
  <testcase name="getAllList" time="0.552" classname="com.debarnab.restAssured.Testing.wunderList_restAPITesting"/>
  <testcase name="createList" time="1.711" classname="com.debarnab.restAssured.Testing.wunderList_restAPITesting"/>
  <testcase name="verifyAddedList" time="0.497" classname="com.debarnab.restAssured.Testing.wunderList_restAPITesting"/>
  <testcase name="queryASpecificList" time="0.38" classname="com.debarnab.restAssured.Testing.wunderList_restAPITesting"/>
  <testcase name="deleteAList" time="0.472" classname="com.debarnab.restAssured.Testing.wunderList_restAPITesting"/>
  <testcase name="updateAList" time="0.0" classname="com.debarnab.restAssured.Testing.wunderList_restAPITesting"/>
  <testcase name="validateDeletedList" time="0.433" classname="com.debarnab.restAssured.Testing.wunderList_restAPITesting"/>
</testsuite> <!-- Rest Assured testing Test -->
