<?xml version="1.0" encoding="UTF-8"?>
<!-- Generated by org.testng.reporters.JUnitXMLReporter -->
<testsuite hostname="LAPTOP-MKHIF20I" ignored="0" name="Rest Assured testing Test" tests="8" failures="0" timestamp="25 Feb 2017 20:25:41 GMT" time="12.207" errors="0">
  <testcase name="authTestCase" time="8.024" classname="com.debarnab.restAssured.Testing.wunderList_restAPITesting"/>
  <testcase name="getAllList" time="0.594" classname="com.debarnab.restAssured.Testing.wunderList_restAPITesting"/>
  <testcase name="createList" time="1.666" classname="com.debarnab.restAssured.Testing.wunderList_restAPITesting"/>
  <testcase name="verifyAddedList" time="0.484" classname="com.debarnab.restAssured.Testing.wunderList_restAPITesting"/>
  <testcase name="queryASpecificList" time="0.362" classname="com.debarnab.restAssured.Testing.wunderList_restAPITesting"/>
  <testcase name="deleteAList" time="0.456" classname="com.debarnab.restAssured.Testing.wunderList_restAPITesting"/>
  <testcase name="updateAList" time="0.003" classname="com.debarnab.restAssured.Testing.wunderList_restAPITesting"/>
  <testcase name="validateDeletedList" time="0.458" classname="com.debarnab.restAssured.Testing.wunderList_restAPITesting"/>
</testsuite> <!-- Rest Assured testing Test -->
