<?xml version="1.0" encoding="UTF-8"?>
<testsuite name="TestSuite" time="8.496" tests="8" errors="0" skipped="0" failures="1">
  <properties>
[...]
</properties>
  <testcase name="authTestCase" classname="com.debarnab.restAssured.Testing.restAPITesting" time="4.284"/>
  <testcase name="getAllList" classname="com.debarnab.restAssured.Testing.restAPITesting" time="0.57"/>
  <testcase name="createList" classname="com.debarnab.restAssured.Testing.restAPITesting" time="1.355"/>
  <testcase name="verifyAddedList" classname="com.debarnab.restAssured.Testing.restAPITesting" time="0.565"/>
  <testcase name="queryASpecificList" classname="com.debarnab.restAssured.Testing.restAPITesting" time="0.406"/>
  <testcase name="deleteAList" classname="com.debarnab.restAssured.Testing.restAPITesting" time="0.434"/>
  <testcase name="updateAList" classname="com.debarnab.restAssured.Testing.restAPITesting" time="0.403">
    <failure message="1 expectation failed.&#10;Expected status code &lt;200&gt; doesn&apos;t match actual status code &lt;400&gt;.&#10;" type="java.lang.AssertionError"><![CDATA[java.lang.AssertionError: 1 expectation failed.
Expected status code <200> doesn't match actual status code <400>.

	at sun.reflect.NativeConstructorAccessorImpl.newInstance0(Native Method)
	at sun.reflect.NativeConstructorAccessorImpl.newInstance(NativeConstructorAccessorImpl.java:62)
	at sun.reflect.DelegatingConstructorAccessorImpl.newInstance(DelegatingConstructorAccessorImpl.java:45)
	at java.lang.reflect.Constructor.newInstance(Constructor.java:423)
	at org.codehaus.groovy.reflection.CachedConstructor.invoke(CachedConstructor.java:83)
	at org.codehaus.groovy.reflection.CachedConstructor.doConstructorInvoke(CachedConstructor.java:77)
	at org.codehaus.groovy.runtime.callsite.ConstructorSite$ConstructorSiteNoUnwrap.callConstructor(ConstructorSite.java:84)
	at org.codehaus.groovy.runtime.callsite.CallSiteArray.defaultCallConstructor(CallSiteArray.java:60)
	at org.codehaus.groovy.runtime.callsite.AbstractCallSite.callConstructor(AbstractCallSite.java:235)
	at org.codehaus.groovy.runtime.callsite.AbstractCallSite.callConstructor(AbstractCallSite.java:247)
	at com.jayway.restassured.internal.ResponseSpecificationImpl$HamcrestAssertionClosure.validate(ResponseSpecificationImpl.groovy:598)
	at com.jayway.restassured.internal.ResponseSpecificationImpl$HamcrestAssertionClosure$validate$1.call(Unknown Source)
	at com.jayway.restassured.internal.ResponseSpecificationImpl.validateResponseIfRequired(ResponseSpecificationImpl.groovy:760)
	at sun.reflect.NativeMethodAccessorImpl.invoke0(Native Method)
	at sun.reflect.NativeMethodAccessorImpl.invoke(NativeMethodAccessorImpl.java:62)
	at sun.reflect.DelegatingMethodAccessorImpl.invoke(DelegatingMethodAccessorImpl.java:43)
	at java.lang.reflect.Method.invoke(Method.java:498)
	at org.codehaus.groovy.runtime.callsite.PogoMetaMethodSite$PogoCachedMethodSiteNoUnwrapNoCoerce.invoke(PogoMetaMethodSite.java:210)
	at org.codehaus.groovy.runtime.callsite.PogoMetaMethodSite.callCurrent(PogoMetaMethodSite.java:59)
	at org.codehaus.groovy.runtime.callsite.AbstractCallSite.callCurrent(AbstractCallSite.java:166)
	at com.jayway.restassured.internal.ResponseSpecificationImpl.statusCode(ResponseSpecificationImpl.groovy:120)
	at com.jayway.restassured.specification.ResponseSpecification$statusCode$0.callCurrent(Unknown Source)
	at com.jayway.restassured.internal.ResponseSpecificationImpl.statusCode(ResponseSpecificationImpl.groovy:128)
	at com.jayway.restassured.internal.ValidatableResponseOptionsImpl.statusCode(ValidatableResponseOptionsImpl.java:117)
	at com.debarnab.restAssured.Testing.restAPITesting.updateAList(restAPITesting.java:170)
]]></failure>
  </testcase>
  <testcase name="validateDeletedList" classname="com.debarnab.restAssured.Testing.restAPITesting" time="0.479"/>
</testsuite>