<?xml version="1.0" encoding="UTF-8"?>
<testng-results skipped="0" failed="0" ignored="0" total="8" passed="8">
  <reporter-output>
  </reporter-output>
  <suite name="Default suite" duration-ms="7421" started-at="2017-02-28T18:16:42Z" finished-at="2017-02-28T18:16:50Z">
    <groups>
    </groups>
    <test name="Default test" duration-ms="7421" started-at="2017-02-28T18:16:42Z" finished-at="2017-02-28T18:16:50Z">
      <class name="com.debarnab.restAssured.Testing.wunderList_restAPITesting">
        <test-method status="PASS" signature="makeRequest()[pri:0, instance:com.debarnab.restAssured.Testing.wunderList_restAPITesting@6a4f787b]" name="makeRequest" is-config="true" duration-ms="893" started-at="2017-02-28T19:16:42Z" finished-at="2017-02-28T19:16:43Z">
          <reporter-output>
          </reporter-output>
        </test-method> <!-- makeRequest -->
        <test-method status="PASS" signature="authTestCase()[pri:0, instance:com.debarnab.restAssured.Testing.wunderList_restAPITesting@6a4f787b]" name="authTestCase" duration-ms="3100" started-at="2017-02-28T19:16:43Z" finished-at="2017-02-28T19:16:46Z">
          <reporter-output>
          </reporter-output>
        </test-method> <!-- authTestCase -->
        <test-method status="PASS" signature="getAllList()[pri:0, instance:com.debarnab.restAssured.Testing.wunderList_restAPITesting@6a4f787b]" name="getAllList" duration-ms="623" started-at="2017-02-28T19:16:46Z" depends-on-methods="com.debarnab.restAssured.Testing.wunderList_restAPITesting.authTestCase" finished-at="2017-02-28T19:16:47Z">
          <reporter-output>
          </reporter-output>
        </test-method> <!-- getAllList -->
        <test-method status="PASS" signature="createList()[pri:0, instance:com.debarnab.restAssured.Testing.wunderList_restAPITesting@6a4f787b]" name="createList" duration-ms="1038" started-at="2017-02-28T19:16:47Z" depends-on-methods="com.debarnab.restAssured.Testing.wunderList_restAPITesting.getAllList" finished-at="2017-02-28T19:16:48Z">
          <reporter-output>
          </reporter-output>
        </test-method> <!-- createList -->
        <test-method status="PASS" signature="verifyAddedList()[pri:0, instance:com.debarnab.restAssured.Testing.wunderList_restAPITesting@6a4f787b]" name="verifyAddedList" duration-ms="455" started-at="2017-02-28T19:16:48Z" depends-on-methods="com.debarnab.restAssured.Testing.wunderList_restAPITesting.createList" finished-at="2017-02-28T19:16:48Z">
          <reporter-output>
          </reporter-output>
        </test-method> <!-- verifyAddedList -->
        <test-method status="PASS" signature="queryASpecificList()[pri:0, instance:com.debarnab.restAssured.Testing.wunderList_restAPITesting@6a4f787b]" name="queryASpecificList" duration-ms="383" started-at="2017-02-28T19:16:48Z" depends-on-methods="com.debarnab.restAssured.Testing.wunderList_restAPITesting.verifyAddedList" finished-at="2017-02-28T19:16:49Z">
          <reporter-output>
          </reporter-output>
        </test-method> <!-- queryASpecificList -->
        <test-method status="PASS" signature="deleteAList()[pri:0, instance:com.debarnab.restAssured.Testing.wunderList_restAPITesting@6a4f787b]" name="deleteAList" duration-ms="403" started-at="2017-02-28T19:16:49Z" depends-on-methods="com.debarnab.restAssured.Testing.wunderList_restAPITesting.queryASpecificList" finished-at="2017-02-28T19:16:49Z">
          <reporter-output>
          </reporter-output>
        </test-method> <!-- deleteAList -->
        <test-method status="PASS" signature="updateAList()[pri:0, instance:com.debarnab.restAssured.Testing.wunderList_restAPITesting@6a4f787b]" name="updateAList" duration-ms="1" started-at="2017-02-28T19:16:49Z" depends-on-methods="com.debarnab.restAssured.Testing.wunderList_restAPITesting.queryASpecificList" finished-at="2017-02-28T19:16:49Z">
          <reporter-output>
          </reporter-output>
        </test-method> <!-- updateAList -->
        <test-method status="PASS" signature="validateDeletedList()[pri:0, instance:com.debarnab.restAssured.Testing.wunderList_restAPITesting@6a4f787b]" name="validateDeletedList" duration-ms="440" started-at="2017-02-28T19:16:49Z" depends-on-methods="com.debarnab.restAssured.Testing.wunderList_restAPITesting.queryASpecificList" finished-at="2017-02-28T19:16:50Z">
          <reporter-output>
          </reporter-output>
        </test-method> <!-- validateDeletedList -->
      </class> <!-- com.debarnab.restAssured.Testing.wunderList_restAPITesting -->
    </test> <!-- Default test -->
  </suite> <!-- Default suite -->
</testng-results>
