<?xml version="1.0" encoding="UTF-8"?>
<testng-results skipped="0" failed="0" ignored="0" total="2" passed="2">
  <reporter-output>
  </reporter-output>
  <suite name="Default suite" duration-ms="140" started-at="2017-02-25T14:58:18Z" finished-at="2017-02-25T14:58:18Z">
    <groups>
    </groups>
    <test name="Default test" duration-ms="140" started-at="2017-02-25T14:58:18Z" finished-at="2017-02-25T14:58:18Z">
      <class name="com.debarnab.jsonExtraction.jsonExtracting_1">
        <test-method status="PASS" signature="try1()[pri:0, instance:com.debarnab.jsonExtraction.jsonExtracting_1@5c3bd550]" name="try1" duration-ms="52" started-at="2017-02-25T15:58:18Z" finished-at="2017-02-25T15:58:18Z">
          <reporter-output>
          </reporter-output>
        </test-method> <!-- try1 -->
        <test-method status="PASS" signature="try2()[pri:0, instance:com.debarnab.jsonExtraction.jsonExtracting_1@5c3bd550]" name="try2" duration-ms="36" started-at="2017-02-25T15:58:18Z" finished-at="2017-02-25T15:58:18Z">
          <reporter-output>
          </reporter-output>
        </test-method> <!-- try2 -->
      </class> <!-- com.debarnab.jsonExtraction.jsonExtracting_1 -->
    </test> <!-- Default test -->
  </suite> <!-- Default suite -->
</testng-results>
